<?xml version="1.0" encoding="UTF-8"?>
<!-- Generated by org.testng.reporters.JUnitReportReporter -->
<testsuite skipped="0" hostname="DESKTOP-937KOTT" name="remoteTesting.dockerValidation.stopDocker" tests="1" failures="0" timestamp="2019-11-11T18:38:05 EST" time="18.903" errors="0">
  <testcase name="startFile" time="18.903" classname="remoteTesting.dockerValidation.stopDocker"/>
</testsuite> <!-- remoteTesting.dockerValidation.stopDocker -->
