<?xml version="1.0" encoding="UTF-8"?>
<!-- Generated by org.testng.reporters.JUnitReportReporter -->
<testsuite skipped="0" hostname="DESKTOP-937KOTT" name="remoteTesting.dockerValidation.startDocker" tests="1" failures="0" timestamp="2019-11-11T18:29:49 EST" time="77.720" errors="0">
  <testcase name="startFile" time="77.720" classname="remoteTesting.dockerValidation.startDocker"/>
</testsuite> <!-- remoteTesting.dockerValidation.startDocker -->
