<?xml version="1.0" encoding="UTF-8"?>
<!-- Generated by org.testng.reporters.JUnitReportReporter -->
<testsuite skipped="0" hostname="DESKTOP-937KOTT" name="remoteTesting.dockerValidation.chromeTest2" tests="1" failures="0" timestamp="2019-11-18T19:22:15 EST" time="51.414" errors="0">
  <testcase name="test2" time="51.414" classname="remoteTesting.dockerValidation.chromeTest2"/>
</testsuite> <!-- remoteTesting.dockerValidation.chromeTest2 -->
